#
# There is insufficient memory for the Java Runtime Environment to continue.
# Native memory allocation (malloc) failed to allocate 1905456 bytes. Error detail: Chunk::new
# Possible reasons:
#   The system is out of physical RAM or swap space
#   This process is running with CompressedOops enabled, and the Java Heap may be blocking the growth of the native heap
# Possible solutions:
#   Reduce memory load on the system
#   Increase physical memory or swap space
#   Check if swap backing store is full
#   Decrease Java heap size (-Xmx/-Xms)
#   Decrease number of Java threads
#   Decrease Java thread stack sizes (-Xss)
#   Set larger code cache with -XX:ReservedCodeCacheSize=
#   JVM is running with Unscaled Compressed Oops mode in which the Java heap is
#     placed in the first 4GB address space. The Java Heap base address is the
#     maximum limit for the native heap growth. Please use -XX:HeapBaseMinAddress
#     to set the Java Heap base and to place the Java Heap above 4GB virtual address.
# This output file may be truncated or incomplete.
#
#  Out of Memory Error (arena.cpp:168), pid=24628, tid=21768
#
# JRE version: OpenJDK Runtime Environment (21.0.4) (build 21.0.4+-12508038-b607.1)
# Java VM: OpenJDK 64-Bit Server VM (21.0.4+-12508038-b607.1, mixed mode, tiered, compressed oops, compressed class ptrs, g1 gc, windows-amd64)
# No core dump will be written. Minidumps are not enabled by default on client versions of Windows
#

---------------  S U M M A R Y ------------

Command Line: --add-opens=java.base/java.util=ALL-UNNAMED --add-opens=java.base/java.lang=ALL-UNNAMED --add-opens=java.base/java.lang.invoke=ALL-UNNAMED --add-opens=java.prefs/java.util.prefs=ALL-UNNAMED --add-exports=jdk.compiler/com.sun.tools.javac.api=ALL-UNNAMED --add-exports=jdk.compiler/com.sun.tools.javac.util=ALL-UNNAMED --add-opens=java.base/java.nio.charset=ALL-UNNAMED --add-opens=java.base/java.net=ALL-UNNAMED --add-opens=java.base/java.util.concurrent.atomic=ALL-UNNAMED -Xmx2048m -Dfile.encoding=UTF-8 -Duser.country=US -Duser.language=en -Duser.variant -javaagent:D:\.gradle\wrapper\dists\gradle-8.10.2-bin\a04bxjujx95o3nb99gddekhwo\gradle-8.10.2\lib\agents\gradle-instrumentation-agent-8.10.2.jar org.gradle.launcher.daemon.bootstrap.GradleDaemon 8.10.2

Host: AMD Ryzen 5 3500U with Radeon Vega Mobile Gfx  , 8 cores, 6G,  Windows 11 , 64 bit Build 22621 (10.0.22621.5124)
Time: Sun Apr 20 14:57:28 2025 Taipei Standard Time elapsed time: 9.947495 seconds (0d 0h 0m 9s)

---------------  T H R E A D  ---------------

Current thread (0x00000203fdb697d0):  JavaThread "C2 CompilerThread1" daemon [_thread_in_native, id=21768, stack(0x0000002197800000,0x0000002197900000) (1024K)]


Current CompileTask:
C2:   9947 2768       4       java.lang.invoke.MethodType::makeImpl (109 bytes)

Stack: [0x0000002197800000,0x0000002197900000]
Native frames: (J=compiled Java code, j=interpreted, Vv=VM code, C=native code)
V  [jvm.dll+0x6ce539]
V  [jvm.dll+0x85bf03]
V  [jvm.dll+0x85e45e]
V  [jvm.dll+0x85eb43]
V  [jvm.dll+0x27dd06]
V  [jvm.dll+0xbf9cd]
V  [jvm.dll+0xbff03]
V  [jvm.dll+0x3b4db1]
V  [jvm.dll+0x380f07]
V  [jvm.dll+0x38037a]
V  [jvm.dll+0x2473f2]
V  [jvm.dll+0x2469c1]
V  [jvm.dll+0x1c58a4]
V  [jvm.dll+0x255fec]
V  [jvm.dll+0x254536]
V  [jvm.dll+0x3efab6]
V  [jvm.dll+0x804418]
V  [jvm.dll+0x6cce0d]
C  [ucrtbase.dll+0x29333]
C  [KERNEL32.DLL+0x1259d]
C  [ntdll.dll+0x5af38]


---------------  P R O C E S S  ---------------

Threads class SMR info:
_java_thread_list=0x00000203fbb64610, length=25, elements={
0x00000203dcb428e0, 0x00000203f649f9b0, 0x00000203f6486f00, 0x00000203f648c710,
0x00000203f648cd80, 0x00000203f648df90, 0x00000203f64a6f00, 0x00000203f64cc070,
0x00000203f64ccec0, 0x00000203f66277a0, 0x00000203f679c620, 0x00000203fca30590,
0x00000203fc340620, 0x00000203fc1d1920, 0x00000203fcc7aa30, 0x00000203fb46f810,
0x00000203f67ef790, 0x00000203fc16ebe0, 0x00000203fc16f900, 0x00000203fc16f270,
0x00000203fc16ff90, 0x00000203fc170620, 0x00000203fc171340, 0x00000203fc170cb0,
0x00000203fdb697d0
}

Java Threads: ( => current thread )
  0x00000203dcb428e0 JavaThread "main"                              [_thread_blocked, id=23632, stack(0x0000002195100000,0x0000002195200000) (1024K)]
  0x00000203f649f9b0 JavaThread "Reference Handler"          daemon [_thread_blocked, id=18924, stack(0x0000002195900000,0x0000002195a00000) (1024K)]
  0x00000203f6486f00 JavaThread "Finalizer"                  daemon [_thread_blocked, id=31588, stack(0x0000002195a00000,0x0000002195b00000) (1024K)]
  0x00000203f648c710 JavaThread "Signal Dispatcher"          daemon [_thread_blocked, id=9208, stack(0x0000002195b00000,0x0000002195c00000) (1024K)]
  0x00000203f648cd80 JavaThread "Attach Listener"            daemon [_thread_blocked, id=35492, stack(0x0000002195c00000,0x0000002195d00000) (1024K)]
  0x00000203f648df90 JavaThread "Service Thread"             daemon [_thread_blocked, id=36100, stack(0x0000002195d00000,0x0000002195e00000) (1024K)]
  0x00000203f64a6f00 JavaThread "Monitor Deflation Thread"   daemon [_thread_blocked, id=3472, stack(0x0000002195e00000,0x0000002195f00000) (1024K)]
  0x00000203f64cc070 JavaThread "C2 CompilerThread0"         daemon [_thread_in_native, id=9808, stack(0x0000002195f00000,0x0000002196000000) (1024K)]
  0x00000203f64ccec0 JavaThread "C1 CompilerThread0"         daemon [_thread_blocked, id=15896, stack(0x0000002196000000,0x0000002196100000) (1024K)]
  0x00000203f66277a0 JavaThread "Common-Cleaner"             daemon [_thread_blocked, id=9724, stack(0x0000002196100000,0x0000002196200000) (1024K)]
  0x00000203f679c620 JavaThread "Notification Thread"        daemon [_thread_blocked, id=28840, stack(0x0000002196200000,0x0000002196300000) (1024K)]
  0x00000203fca30590 JavaThread "Daemon health stats"               [_thread_blocked, id=17488, stack(0x0000002196800000,0x0000002196900000) (1024K)]
  0x00000203fc340620 JavaThread "Incoming local TCP Connector on port 59865"        [_thread_in_native, id=23688, stack(0x0000002196500000,0x0000002196600000) (1024K)]
  0x00000203fc1d1920 JavaThread "Daemon periodic checks"            [_thread_blocked, id=19728, stack(0x0000002196900000,0x0000002196a00000) (1024K)]
  0x00000203fcc7aa30 JavaThread "Daemon"                            [_thread_blocked, id=29208, stack(0x0000002196a00000,0x0000002196b00000) (1024K)]
  0x00000203fb46f810 JavaThread "Handler for socket connection from /127.0.0.1:59865 to /127.0.0.1:59866"        [_thread_in_native, id=27788, stack(0x0000002196b00000,0x0000002196c00000) (1024K)]
  0x00000203f67ef790 JavaThread "Cancel handler"                    [_thread_blocked, id=21168, stack(0x0000002196c00000,0x0000002196d00000) (1024K)]
  0x00000203fc16ebe0 JavaThread "Daemon worker"                     [_thread_in_Java, id=35932, stack(0x0000002196d00000,0x0000002196e00000) (1024K)]
  0x00000203fc16f900 JavaThread "Asynchronous log dispatcher for DefaultDaemonConnection: socket connection from /127.0.0.1:59865 to /127.0.0.1:59866"        [_thread_blocked, id=14504, stack(0x0000002196e00000,0x0000002196f00000) (1024K)]
  0x00000203fc16f270 JavaThread "Stdin handler"                     [_thread_blocked, id=28836, stack(0x0000002196f00000,0x0000002197000000) (1024K)]
  0x00000203fc16ff90 JavaThread "Daemon client event forwarder"        [_thread_blocked, id=9572, stack(0x0000002197000000,0x0000002197100000) (1024K)]
  0x00000203fc170620 JavaThread "Cache worker for journal cache (D:\.gradle\caches\journal-1)"        [_thread_blocked, id=21412, stack(0x0000002197500000,0x0000002197600000) (1024K)]
  0x00000203fc171340 JavaThread "File lock request listener"        [_thread_in_native, id=14020, stack(0x0000002197600000,0x0000002197700000) (1024K)]
  0x00000203fc170cb0 JavaThread "Cache worker for file hash cache (D:\.gradle\caches\8.10.2\fileHashes)"        [_thread_blocked, id=25660, stack(0x0000002197700000,0x0000002197800000) (1024K)]
=>0x00000203fdb697d0 JavaThread "C2 CompilerThread1"         daemon [_thread_in_native, id=21768, stack(0x0000002197800000,0x0000002197900000) (1024K)]
Total: 25

Other Threads:
  0x00000203f6295cf0 VMThread "VM Thread"                           [id=10228, stack(0x0000002195800000,0x0000002195900000) (1024K)]
  0x00000203f6283270 WatcherThread "VM Periodic Task Thread"        [id=11356, stack(0x0000002195700000,0x0000002195800000) (1024K)]
  0x00000203dec648d0 WorkerThread "GC Thread#0"                     [id=28784, stack(0x0000002195200000,0x0000002195300000) (1024K)]
  0x00000203fb5e4840 WorkerThread "GC Thread#1"                     [id=21256, stack(0x0000002196300000,0x0000002196400000) (1024K)]
  0x00000203fb1d8be0 WorkerThread "GC Thread#2"                     [id=15344, stack(0x0000002196400000,0x0000002196500000) (1024K)]
  0x00000203fbd0f7a0 WorkerThread "GC Thread#3"                     [id=35188, stack(0x0000002196600000,0x0000002196700000) (1024K)]
  0x00000203fbd11b50 WorkerThread "GC Thread#4"                     [id=19768, stack(0x0000002196700000,0x0000002196800000) (1024K)]
  0x00000203fbe3f7e0 WorkerThread "GC Thread#5"                     [id=23608, stack(0x0000002197100000,0x0000002197200000) (1024K)]
  0x00000203fbe3fb80 WorkerThread "GC Thread#6"                     [id=15704, stack(0x0000002197200000,0x0000002197300000) (1024K)]
  0x00000203fbe32650 WorkerThread "GC Thread#7"                     [id=2904, stack(0x0000002197300000,0x0000002197400000) (1024K)]
  0x00000203dec795f0 ConcurrentGCThread "G1 Main Marker"            [id=3268, stack(0x0000002195300000,0x0000002195400000) (1024K)]
  0x00000203dec7a0f0 WorkerThread "G1 Conc#0"                       [id=36744, stack(0x0000002195400000,0x0000002195500000) (1024K)]
  0x00000203fbe322b0 WorkerThread "G1 Conc#1"                       [id=21620, stack(0x0000002197400000,0x0000002197500000) (1024K)]
  0x00000203decce3e0 ConcurrentGCThread "G1 Refine#0"               [id=3600, stack(0x0000002195500000,0x0000002195600000) (1024K)]
  0x00000203decceb60 ConcurrentGCThread "G1 Service"                [id=36636, stack(0x0000002195600000,0x0000002195700000) (1024K)]
Total: 15

Threads with active compile tasks:
C2 CompilerThread0    10137 2881       4       java.lang.invoke.MethodType::methodType (69 bytes)
C2 CompilerThread1    10138 2768       4       java.lang.invoke.MethodType::makeImpl (109 bytes)
Total: 2

VM state: not at safepoint (normal execution)

VM Mutex/Monitor currently owned by a thread: None

Heap address: 0x0000000080000000, size: 2048 MB, Compressed Oops mode: 32-bit

CDS archive(s) not mapped
Compressed class space mapped at: 0x0000000100000000-0x0000000140000000, reserved size: 1073741824
Narrow klass base: 0x0000000000000000, Narrow klass shift: 3, Narrow klass range: 0x140000000

GC Precious Log:
 CardTable entry size: 512
 Card Set container configuration: InlinePtr #cards 5 size 8 Array Of Cards #cards 12 size 40 Howl #buckets 4 coarsen threshold 1843 Howl Bitmap #cards 512 size 80 coarsen threshold 460 Card regions per heap region 1 cards per card region 2048
 CPUs: 8 total, 8 available
 Memory: 7103M
 Large Page Support: Disabled
 NUMA Support: Disabled
 Compressed Oops: Enabled (32-bit)
 Heap Region Size: 1M
 Heap Min Capacity: 8M
 Heap Initial Capacity: 112M
 Heap Max Capacity: 2G
 Pre-touch: Disabled
 Parallel Workers: 8
 Concurrent Workers: 2
 Concurrent Refinement Workers: 8
 Periodic GC: Disabled

Heap:
 garbage-first heap   total 75776K, used 64798K [0x0000000080000000, 0x0000000100000000)
  region size 1024K, 51 young (52224K), 8 survivors (8192K)
 Metaspace       used 28378K, committed 28992K, reserved 1114112K
  class space    used 3560K, committed 3840K, reserved 1048576K

Heap Regions: E=young(eden), S=young(survivor), O=old, HS=humongous(starts), HC=humongous(continues), CS=collection set, F=free, TAMS=top-at-mark-start, PB=parsable bottom
|   0|0x0000000080000000, 0x0000000080100000, 0x0000000080100000|100%| O|  |TAMS 0x0000000080000000| PB 0x0000000080000000| Untracked 
|   1|0x0000000080100000, 0x0000000080200000, 0x0000000080200000|100%| O|  |TAMS 0x0000000080100000| PB 0x0000000080100000| Untracked 
|   2|0x0000000080200000, 0x0000000080300000, 0x0000000080300000|100%|HS|  |TAMS 0x0000000080200000| PB 0x0000000080200000| Complete 
|   3|0x0000000080300000, 0x0000000080400000, 0x0000000080400000|100%|HC|  |TAMS 0x0000000080300000| PB 0x0000000080300000| Complete 
|   4|0x0000000080400000, 0x0000000080500000, 0x0000000080500000|100%|HC|  |TAMS 0x0000000080400000| PB 0x0000000080400000| Complete 
|   5|0x0000000080500000, 0x0000000080600000, 0x0000000080600000|100%|HC|  |TAMS 0x0000000080500000| PB 0x0000000080500000| Complete 
|   6|0x0000000080600000, 0x0000000080700000, 0x0000000080700000|100%| O|  |TAMS 0x0000000080600000| PB 0x0000000080600000| Untracked 
|   7|0x0000000080700000, 0x0000000080800000, 0x0000000080800000|100%| O|  |TAMS 0x0000000080700000| PB 0x0000000080700000| Untracked 
|   8|0x0000000080800000, 0x0000000080900000, 0x0000000080900000|100%| O|  |TAMS 0x0000000080800000| PB 0x0000000080800000| Untracked 
|   9|0x0000000080900000, 0x0000000080a00000, 0x0000000080a00000|100%| O|  |TAMS 0x0000000080900000| PB 0x0000000080900000| Untracked 
|  10|0x0000000080a00000, 0x0000000080b00000, 0x0000000080b00000|100%|HS|  |TAMS 0x0000000080a00000| PB 0x0000000080a00000| Complete 
|  11|0x0000000080b00000, 0x0000000080c00000, 0x0000000080c00000|100%| O|  |TAMS 0x0000000080b00000| PB 0x0000000080b00000| Untracked 
|  12|0x0000000080c00000, 0x0000000080d00000, 0x0000000080d00000|100%| O|  |TAMS 0x0000000080c00000| PB 0x0000000080c00000| Untracked 
|  13|0x0000000080d00000, 0x0000000080d98b30, 0x0000000080e00000| 59%| O|Cm|TAMS 0x0000000080d00000| PB 0x0000000080d00000| Complete 
|  14|0x0000000080e00000, 0x0000000080e00000, 0x0000000080f00000|  0%| F|  |TAMS 0x0000000080e00000| PB 0x0000000080e00000| Untracked 
|  15|0x0000000080f00000, 0x0000000080f00000, 0x0000000081000000|  0%| F|  |TAMS 0x0000000080f00000| PB 0x0000000080f00000| Untracked 
|  16|0x0000000081000000, 0x0000000081000000, 0x0000000081100000|  0%| F|  |TAMS 0x0000000081000000| PB 0x0000000081000000| Untracked 
|  17|0x0000000081100000, 0x0000000081100000, 0x0000000081200000|  0%| F|  |TAMS 0x0000000081100000| PB 0x0000000081100000| Untracked 
|  18|0x0000000081200000, 0x0000000081200000, 0x0000000081300000|  0%| F|  |TAMS 0x0000000081200000| PB 0x0000000081200000| Untracked 
|  19|0x0000000081300000, 0x0000000081300000, 0x0000000081400000|  0%| F|  |TAMS 0x0000000081300000| PB 0x0000000081300000| Untracked 
|  20|0x0000000081400000, 0x0000000081400000, 0x0000000081500000|  0%| F|  |TAMS 0x0000000081400000| PB 0x0000000081400000| Untracked 
|  21|0x0000000081500000, 0x0000000081500000, 0x0000000081600000|  0%| F|  |TAMS 0x0000000081500000| PB 0x0000000081500000| Untracked 
|  22|0x0000000081600000, 0x0000000081600000, 0x0000000081700000|  0%| F|  |TAMS 0x0000000081600000| PB 0x0000000081600000| Untracked 
|  23|0x0000000081700000, 0x00000000817666a0, 0x0000000081800000| 40%| E|  |TAMS 0x0000000081700000| PB 0x0000000081700000| Complete 
|  24|0x0000000081800000, 0x0000000081900000, 0x0000000081900000|100%| E|CS|TAMS 0x0000000081800000| PB 0x0000000081800000| Complete 
|  25|0x0000000081900000, 0x0000000081a00000, 0x0000000081a00000|100%| E|CS|TAMS 0x0000000081900000| PB 0x0000000081900000| Complete 
|  26|0x0000000081a00000, 0x0000000081b00000, 0x0000000081b00000|100%| E|CS|TAMS 0x0000000081a00000| PB 0x0000000081a00000| Complete 
|  27|0x0000000081b00000, 0x0000000081c00000, 0x0000000081c00000|100%| E|CS|TAMS 0x0000000081b00000| PB 0x0000000081b00000| Complete 
|  28|0x0000000081c00000, 0x0000000081d00000, 0x0000000081d00000|100%| E|CS|TAMS 0x0000000081c00000| PB 0x0000000081c00000| Complete 
|  29|0x0000000081d00000, 0x0000000081e00000, 0x0000000081e00000|100%| E|CS|TAMS 0x0000000081d00000| PB 0x0000000081d00000| Complete 
|  30|0x0000000081e00000, 0x0000000081f00000, 0x0000000081f00000|100%| E|CS|TAMS 0x0000000081e00000| PB 0x0000000081e00000| Complete 
|  31|0x0000000081f00000, 0x0000000082000000, 0x0000000082000000|100%| E|CS|TAMS 0x0000000081f00000| PB 0x0000000081f00000| Complete 
|  32|0x0000000082000000, 0x0000000082100000, 0x0000000082100000|100%| E|CS|TAMS 0x0000000082000000| PB 0x0000000082000000| Complete 
|  33|0x0000000082100000, 0x0000000082200000, 0x0000000082200000|100%| E|CS|TAMS 0x0000000082100000| PB 0x0000000082100000| Complete 
|  34|0x0000000082200000, 0x0000000082300000, 0x0000000082300000|100%| E|CS|TAMS 0x0000000082200000| PB 0x0000000082200000| Complete 
|  35|0x0000000082300000, 0x0000000082400000, 0x0000000082400000|100%| E|CS|TAMS 0x0000000082300000| PB 0x0000000082300000| Complete 
|  36|0x0000000082400000, 0x0000000082500000, 0x0000000082500000|100%| E|CS|TAMS 0x0000000082400000| PB 0x0000000082400000| Complete 
|  37|0x0000000082500000, 0x0000000082600000, 0x0000000082600000|100%| E|CS|TAMS 0x0000000082500000| PB 0x0000000082500000| Complete 
|  38|0x0000000082600000, 0x0000000082700000, 0x0000000082700000|100%| E|CS|TAMS 0x0000000082600000| PB 0x0000000082600000| Complete 
|  39|0x0000000082700000, 0x0000000082800000, 0x0000000082800000|100%| E|CS|TAMS 0x0000000082700000| PB 0x0000000082700000| Complete 
|  40|0x0000000082800000, 0x0000000082900000, 0x0000000082900000|100%| E|CS|TAMS 0x0000000082800000| PB 0x0000000082800000| Complete 
|  41|0x0000000082900000, 0x0000000082a00000, 0x0000000082a00000|100%| E|CS|TAMS 0x0000000082900000| PB 0x0000000082900000| Complete 
|  42|0x0000000082a00000, 0x0000000082b00000, 0x0000000082b00000|100%| E|CS|TAMS 0x0000000082a00000| PB 0x0000000082a00000| Complete 
|  43|0x0000000082b00000, 0x0000000082c00000, 0x0000000082c00000|100%| E|CS|TAMS 0x0000000082b00000| PB 0x0000000082b00000| Complete 
|  44|0x0000000082c00000, 0x0000000082d00000, 0x0000000082d00000|100%| E|CS|TAMS 0x0000000082c00000| PB 0x0000000082c00000| Complete 
|  45|0x0000000082d00000, 0x0000000082e00000, 0x0000000082e00000|100%| E|CS|TAMS 0x0000000082d00000| PB 0x0000000082d00000| Complete 
|  46|0x0000000082e00000, 0x0000000082f00000, 0x0000000082f00000|100%| E|CS|TAMS 0x0000000082e00000| PB 0x0000000082e00000| Complete 
|  47|0x0000000082f00000, 0x0000000083000000, 0x0000000083000000|100%| E|CS|TAMS 0x0000000082f00000| PB 0x0000000082f00000| Complete 
|  48|0x0000000083000000, 0x0000000083100000, 0x0000000083100000|100%| E|CS|TAMS 0x0000000083000000| PB 0x0000000083000000| Complete 
|  49|0x0000000083100000, 0x0000000083200000, 0x0000000083200000|100%| E|CS|TAMS 0x0000000083100000| PB 0x0000000083100000| Complete 
|  50|0x0000000083200000, 0x0000000083300000, 0x0000000083300000|100%| E|CS|TAMS 0x0000000083200000| PB 0x0000000083200000| Complete 
|  51|0x0000000083300000, 0x0000000083400000, 0x0000000083400000|100%| E|CS|TAMS 0x0000000083300000| PB 0x0000000083300000| Complete 
|  52|0x0000000083400000, 0x0000000083500000, 0x0000000083500000|100%| E|CS|TAMS 0x0000000083400000| PB 0x0000000083400000| Complete 
|  53|0x0000000083500000, 0x0000000083600000, 0x0000000083600000|100%| E|CS|TAMS 0x0000000083500000| PB 0x0000000083500000| Complete 
|  54|0x0000000083600000, 0x0000000083700000, 0x0000000083700000|100%| E|CS|TAMS 0x0000000083600000| PB 0x0000000083600000| Complete 
|  55|0x0000000083700000, 0x0000000083800000, 0x0000000083800000|100%| E|CS|TAMS 0x0000000083700000| PB 0x0000000083700000| Complete 
|  56|0x0000000083800000, 0x0000000083900000, 0x0000000083900000|100%| E|CS|TAMS 0x0000000083800000| PB 0x0000000083800000| Complete 
|  57|0x0000000083900000, 0x0000000083a00000, 0x0000000083a00000|100%| E|CS|TAMS 0x0000000083900000| PB 0x0000000083900000| Complete 
|  58|0x0000000083a00000, 0x0000000083b00000, 0x0000000083b00000|100%| E|CS|TAMS 0x0000000083a00000| PB 0x0000000083a00000| Complete 
|  59|0x0000000083b00000, 0x0000000083c00000, 0x0000000083c00000|100%| E|CS|TAMS 0x0000000083b00000| PB 0x0000000083b00000| Complete 
|  60|0x0000000083c00000, 0x0000000083d00000, 0x0000000083d00000|100%| E|CS|TAMS 0x0000000083c00000| PB 0x0000000083c00000| Complete 
|  61|0x0000000083d00000, 0x0000000083e00000, 0x0000000083e00000|100%| E|CS|TAMS 0x0000000083d00000| PB 0x0000000083d00000| Complete 
|  62|0x0000000083e00000, 0x0000000083f00000, 0x0000000083f00000|100%| E|CS|TAMS 0x0000000083e00000| PB 0x0000000083e00000| Complete 
|  63|0x0000000083f00000, 0x0000000084000000, 0x0000000084000000|100%| E|CS|TAMS 0x0000000083f00000| PB 0x0000000083f00000| Complete 
|  64|0x0000000084000000, 0x0000000084100000, 0x0000000084100000|100%| E|CS|TAMS 0x0000000084000000| PB 0x0000000084000000| Complete 
|  76|0x0000000084c00000, 0x0000000084caf038, 0x0000000084d00000| 68%| S|CS|TAMS 0x0000000084c00000| PB 0x0000000084c00000| Complete 
|  77|0x0000000084d00000, 0x0000000084e00000, 0x0000000084e00000|100%| S|CS|TAMS 0x0000000084d00000| PB 0x0000000084d00000| Complete 
|  78|0x0000000084e00000, 0x0000000084f00000, 0x0000000084f00000|100%| S|CS|TAMS 0x0000000084e00000| PB 0x0000000084e00000| Complete 
|  79|0x0000000084f00000, 0x0000000085000000, 0x0000000085000000|100%| S|CS|TAMS 0x0000000084f00000| PB 0x0000000084f00000| Complete 
|  80|0x0000000085000000, 0x0000000085100000, 0x0000000085100000|100%| S|CS|TAMS 0x0000000085000000| PB 0x0000000085000000| Complete 
|  81|0x0000000085100000, 0x0000000085200000, 0x0000000085200000|100%| S|CS|TAMS 0x0000000085100000| PB 0x0000000085100000| Complete 
|  82|0x0000000085200000, 0x0000000085300000, 0x0000000085300000|100%| S|CS|TAMS 0x0000000085200000| PB 0x0000000085200000| Complete 
|  83|0x0000000085300000, 0x0000000085400000, 0x0000000085400000|100%| S|CS|TAMS 0x0000000085300000| PB 0x0000000085300000| Complete 
| 111|0x0000000086f00000, 0x0000000087000000, 0x0000000087000000|100%| E|CS|TAMS 0x0000000086f00000| PB 0x0000000086f00000| Complete 

Card table byte_map: [0x00000203f1480000,0x00000203f1880000] _byte_map_base: 0x00000203f1080000

Marking Bits: (CMBitMap*) 0x00000203dec64fd0
 Bits: [0x00000203f1880000, 0x00000203f3880000)

Polling page: 0x00000203dcb00000

Metaspace:

Usage:
  Non-class:     24.32 MB used.
      Class:      3.49 MB used.
       Both:     27.80 MB used.

Virtual space:
  Non-class space:       64.00 MB reserved,      24.62 MB ( 38%) committed,  1 nodes.
      Class space:        1.00 GB reserved,       3.75 MB ( <1%) committed,  1 nodes.
             Both:        1.06 GB reserved,      28.38 MB (  3%) committed. 

Chunk freelists:
   Non-Class:  7.27 MB
       Class:  12.27 MB
        Both:  19.53 MB

MaxMetaspaceSize: unlimited
CompressedClassSpaceSize: 1.00 GB
Initial GC threshold: 21.00 MB
Current GC threshold: 35.12 MB
CDS: off
 - commit_granule_bytes: 65536.
 - commit_granule_words: 8192.
 - virtual_space_node_default_size: 8388608.
 - enlarge_chunks_in_place: 1.
 - use_allocation_guard: 0.


Internal statistics:

num_allocs_failed_limit: 3.
num_arena_births: 718.
num_arena_deaths: 0.
num_vsnodes_births: 2.
num_vsnodes_deaths: 0.
num_space_committed: 454.
num_space_uncommitted: 0.
num_chunks_returned_to_freelist: 3.
num_chunks_taken_from_freelist: 1441.
num_chunk_merges: 3.
num_chunk_splits: 929.
num_chunks_enlarged: 622.
num_inconsistent_stats: 0.

CodeHeap 'non-profiled nmethods': size=120000Kb used=1391Kb max_used=1391Kb free=118608Kb
 bounds [0x00000203e9820000, 0x00000203e9a90000, 0x00000203f0d50000]
CodeHeap 'profiled nmethods': size=120000Kb used=5787Kb max_used=5787Kb free=114212Kb
 bounds [0x00000203e1d50000, 0x00000203e2300000, 0x00000203e9280000]
CodeHeap 'non-nmethods': size=5760Kb used=1480Kb max_used=1519Kb free=4280Kb
 bounds [0x00000203e9280000, 0x00000203e94f0000, 0x00000203e9820000]
 total_blobs=3453 nmethods=2880 adapters=477
 compilation: enabled
              stopped_count=0, restarted_count=0
 full_count=0

Compilation events (20 events):
Event: 9.847 Thread 0x00000203f64cc070 2852       4       java.lang.Class::getPackageName (81 bytes)
Event: 9.857 Thread 0x00000203f64ccec0 2853       3       java.lang.invoke.DirectMethodHandle$Holder::newInvokeSpecial (28 bytes)
Event: 9.858 Thread 0x00000203f64ccec0 nmethod 2853 0x00000203e22e7e10 code [0x00000203e22e8000, 0x00000203e22e8738]
Event: 9.875 Thread 0x00000203f64cc070 nmethod 2852 0x00000203e9979010 code [0x00000203e9979200, 0x00000203e9979be8]
Event: 9.875 Thread 0x00000203f64cc070 2854       4       jdk.internal.util.StrongReferenceKey::equals (28 bytes)
Event: 9.878 Thread 0x00000203f64cc070 nmethod 2854 0x00000203e997a110 code [0x00000203e997a2a0, 0x00000203e997a418]
Event: 9.888 Thread 0x00000203f64ccec0 2855       3       java.lang.invoke.Invokers$Holder::linkToTargetMethod (11 bytes)
Event: 9.888 Thread 0x00000203f64ccec0 nmethod 2855 0x00000203e22e8910 code [0x00000203e22e8ac0, 0x00000203e22e8ed0]
Event: 9.911 Thread 0x00000203f64cc070 2856       4       java.util.HashMap$KeyIterator::next (8 bytes)
Event: 9.922 Thread 0x00000203f64cc070 nmethod 2856 0x00000203e997a590 code [0x00000203e997a740, 0x00000203e997ab70]
Event: 9.924 Thread 0x00000203f64ccec0 2857       3       sun.reflect.generics.parser.SignatureParser::parseFieldTypeSignature (6 bytes)
Event: 9.924 Thread 0x00000203f64ccec0 nmethod 2857 0x00000203e22e8f90 code [0x00000203e22e9140, 0x00000203e22e9280]
Event: 9.933 Thread 0x00000203f64ccec0 2858       3       java.lang.invoke.LambdaForm::create (14 bytes)
Event: 9.933 Thread 0x00000203f64ccec0 nmethod 2858 0x00000203e22e9310 code [0x00000203e22e94c0, 0x00000203e22e95f0]
Event: 9.934 Thread 0x00000203f64ccec0 2859       3       java.lang.invoke.LambdaFormEditor::buffer (12 bytes)
Event: 9.934 Thread 0x00000203f64ccec0 nmethod 2859 0x00000203e22e9690 code [0x00000203e22e9840, 0x00000203e22e99f0]
Event: 9.934 Thread 0x00000203f64ccec0 2860       3       java.lang.invoke.LambdaFormBuffer::<init> (89 bytes)
Event: 9.935 Thread 0x00000203f64ccec0 nmethod 2860 0x00000203e22e9a90 code [0x00000203e22e9c60, 0x00000203e22ea040]
Event: 9.935 Thread 0x00000203f64ccec0 2861       3       java.lang.invoke.LambdaFormBuffer::nameArray (15 bytes)
Event: 9.936 Thread 0x00000203f64ccec0 nmethod 2861 0x00000203e22ea190 code [0x00000203e22ea340, 0x00000203e22ea5f8]

GC Heap History (8 events):
Event: 1.381 GC heap before
{Heap before GC invocations=0 (full 0):
 garbage-first heap   total 114688K, used 22528K [0x0000000080000000, 0x0000000100000000)
  region size 1024K, 23 young (23552K), 0 survivors (0K)
 Metaspace       used 8003K, committed 8128K, reserved 1114112K
  class space    used 709K, committed 768K, reserved 1048576K
}
Event: 1.401 GC heap after
{Heap after GC invocations=1 (full 0):
 garbage-first heap   total 114688K, used 4930K [0x0000000080000000, 0x0000000100000000)
  region size 1024K, 3 young (3072K), 3 survivors (3072K)
 Metaspace       used 8003K, committed 8128K, reserved 1114112K
  class space    used 709K, committed 768K, reserved 1048576K
}
Event: 3.421 GC heap before
{Heap before GC invocations=1 (full 0):
 garbage-first heap   total 114688K, used 38722K [0x0000000080000000, 0x0000000100000000)
  region size 1024K, 33 young (33792K), 3 survivors (3072K)
 Metaspace       used 12129K, committed 12352K, reserved 1114112K
  class space    used 1274K, committed 1408K, reserved 1048576K
}
Event: 3.441 GC heap after
{Heap after GC invocations=2 (full 0):
 garbage-first heap   total 114688K, used 12317K [0x0000000080000000, 0x0000000100000000)
  region size 1024K, 3 young (3072K), 3 survivors (3072K)
 Metaspace       used 12129K, committed 12352K, reserved 1114112K
  class space    used 1274K, committed 1408K, reserved 1048576K
}
Event: 4.554 GC heap before
{Heap before GC invocations=2 (full 0):
 garbage-first heap   total 114688K, used 53277K [0x0000000080000000, 0x0000000100000000)
  region size 1024K, 41 young (41984K), 3 survivors (3072K)
 Metaspace       used 12462K, committed 12736K, reserved 1114112K
  class space    used 1323K, committed 1472K, reserved 1048576K
}
Event: 4.572 GC heap after
{Heap after GC invocations=3 (full 0):
 garbage-first heap   total 114688K, used 17500K [0x0000000080000000, 0x0000000100000000)
  region size 1024K, 6 young (6144K), 6 survivors (6144K)
 Metaspace       used 12462K, committed 12736K, reserved 1114112K
  class space    used 1323K, committed 1472K, reserved 1048576K
}
Event: 7.535 GC heap before
{Heap before GC invocations=3 (full 0):
 garbage-first heap   total 114688K, used 45148K [0x0000000080000000, 0x0000000100000000)
  region size 1024K, 34 young (34816K), 6 survivors (6144K)
 Metaspace       used 21119K, committed 21504K, reserved 1114112K
  class space    used 2422K, committed 2624K, reserved 1048576K
}
Event: 7.549 GC heap after
{Heap after GC invocations=4 (full 0):
 garbage-first heap   total 114688K, used 21790K [0x0000000080000000, 0x0000000100000000)
  region size 1024K, 8 young (8192K), 8 survivors (8192K)
 Metaspace       used 21119K, committed 21504K, reserved 1114112K
  class space    used 2422K, committed 2624K, reserved 1048576K
}

Dll operation events (3 events):
Event: 0.047 Loaded shared library D:\Android Studio\jbr\bin\java.dll
Event: 0.066 Loaded shared library D:\Android Studio\jbr\bin\zip.dll
Event: 1.622 Loaded shared library D:\Android Studio\jbr\bin\verify.dll

Deoptimization events (20 events):
Event: 8.626 Thread 0x00000203fc16ebe0 DEOPT PACKING pc=0x00000203e98e69e4 sp=0x0000002196dfbf40
Event: 8.626 Thread 0x00000203fc16ebe0 DEOPT UNPACKING pc=0x00000203e92d46a2 sp=0x0000002196dfbef8 mode 2
Event: 8.626 Thread 0x00000203fc16ebe0 Uncommon trap: trap_request=0xffffffde fr.pc=0x00000203e98e69e4 relative=0x0000000000000304
Event: 8.626 Thread 0x00000203fc16ebe0 Uncommon trap: reason=class_check action=maybe_recompile pc=0x00000203e98e69e4 method=java.util.regex.Pattern$BmpCharPropertyGreedy.match(Ljava/util/regex/Matcher;ILjava/lang/CharSequence;)Z @ 26 c2
Event: 8.626 Thread 0x00000203fc16ebe0 DEOPT PACKING pc=0x00000203e98e69e4 sp=0x0000002196dfbeb0
Event: 8.626 Thread 0x00000203fc16ebe0 DEOPT UNPACKING pc=0x00000203e92d46a2 sp=0x0000002196dfbe68 mode 2
Event: 8.748 Thread 0x00000203fc16ebe0 DEOPT PACKING pc=0x00000203e1e3cdbf sp=0x0000002196dfa470
Event: 8.748 Thread 0x00000203fc16ebe0 DEOPT UNPACKING pc=0x00000203e92d4e42 sp=0x0000002196df9908 mode 0
Event: 8.892 Thread 0x00000203fc16ebe0 Uncommon trap: trap_request=0xffffff45 fr.pc=0x00000203e984079c relative=0x0000000000000d1c
Event: 8.892 Thread 0x00000203fc16ebe0 Uncommon trap: reason=unstable_if action=reinterpret pc=0x00000203e984079c method=java.io.WinNTFileSystem.resolve(Ljava/lang/String;Ljava/lang/String;)Ljava/lang/String; @ 19 c2
Event: 8.892 Thread 0x00000203fc16ebe0 DEOPT PACKING pc=0x00000203e984079c sp=0x0000002196dfb310
Event: 8.892 Thread 0x00000203fc16ebe0 DEOPT UNPACKING pc=0x00000203e92d46a2 sp=0x0000002196dfb2a8 mode 2
Event: 8.896 Thread 0x00000203fc16ebe0 Uncommon trap: trap_request=0xffffff45 fr.pc=0x00000203e98a9f10 relative=0x0000000000000630
Event: 8.896 Thread 0x00000203fc16ebe0 Uncommon trap: reason=unstable_if action=reinterpret pc=0x00000203e98a9f10 method=java.io.File.getName()Ljava/lang/String; @ 16 c2
Event: 8.896 Thread 0x00000203fc16ebe0 DEOPT PACKING pc=0x00000203e98a9f10 sp=0x0000002196dfb2d0
Event: 8.896 Thread 0x00000203fc16ebe0 DEOPT UNPACKING pc=0x00000203e92d46a2 sp=0x0000002196dfb2a0 mode 2
Event: 9.075 Thread 0x00000203fc16ebe0 Uncommon trap: trap_request=0xffffff45 fr.pc=0x00000203e9845f90 relative=0x00000000000000f0
Event: 9.075 Thread 0x00000203fc16ebe0 Uncommon trap: reason=unstable_if action=reinterpret pc=0x00000203e9845f90 method=java.util.HashMap.hash(Ljava/lang/Object;)I @ 1 c2
Event: 9.075 Thread 0x00000203fc16ebe0 DEOPT PACKING pc=0x00000203e9845f90 sp=0x0000002196dfc330
Event: 9.075 Thread 0x00000203fc16ebe0 DEOPT UNPACKING pc=0x00000203e92d46a2 sp=0x0000002196dfc270 mode 2

Classes loaded (20 events):
Event: 9.305 Loading class java/lang/invoke/BoundMethodHandle$Species_LLLLLLLLLLLLLLLL
Event: 9.305 Loading class java/lang/invoke/BoundMethodHandle$Species_LLLLLLLLLLLLLLLL done
Event: 9.314 Loading class java/lang/invoke/BoundMethodHandle$Species_LLLLLLLLLLLLLLLLL
Event: 9.314 Loading class java/lang/invoke/BoundMethodHandle$Species_LLLLLLLLLLLLLLLLL done
Event: 9.328 Loading class java/lang/invoke/BoundMethodHandle$Species_LLLLLLLLLLLLLLLLLL
Event: 9.328 Loading class java/lang/invoke/BoundMethodHandle$Species_LLLLLLLLLLLLLLLLLL done
Event: 9.339 Loading class java/lang/invoke/BoundMethodHandle$Species_LLLLLLLLLLLLLLLLLLL
Event: 9.339 Loading class java/lang/invoke/BoundMethodHandle$Species_LLLLLLLLLLLLLLLLLLL done
Event: 9.348 Loading class java/lang/invoke/BoundMethodHandle$Species_LLLLLLLLLLLLLLLLLLLL
Event: 9.348 Loading class java/lang/invoke/BoundMethodHandle$Species_LLLLLLLLLLLLLLLLLLLL done
Event: 9.358 Loading class java/lang/invoke/BoundMethodHandle$Species_LLLLLLLLLLLLLLLLLLLLL
Event: 9.358 Loading class java/lang/invoke/BoundMethodHandle$Species_LLLLLLLLLLLLLLLLLLLLL done
Event: 9.368 Loading class java/lang/invoke/BoundMethodHandle$Species_LLLLLLLLLLLLLLLLLLLLLL
Event: 9.368 Loading class java/lang/invoke/BoundMethodHandle$Species_LLLLLLLLLLLLLLLLLLLLLL done
Event: 9.385 Loading class java/lang/invoke/BoundMethodHandle$Species_LLLLLLLLLLLLLLLLLLLLLLL
Event: 9.385 Loading class java/lang/invoke/BoundMethodHandle$Species_LLLLLLLLLLLLLLLLLLLLLLL done
Event: 9.512 Loading class java/util/Collections$2
Event: 9.512 Loading class java/util/Collections$2 done
Event: 9.830 Loading class java/util/function/LongFunction
Event: 9.831 Loading class java/util/function/LongFunction done

Classes unloaded (0 events):
No events

Classes redefined (0 events):
No events

Internal exceptions (20 events):
Event: 8.620 Thread 0x00000203fc16ebe0 Exception <a 'java/lang/IncompatibleClassChangeError'{0x000000008308feb0}: Found class java.lang.Object, but interface was expected> (0x000000008308feb0) 
thrown [s\src\hotspot\share\interpreter\linkResolver.cpp, line 851]
Event: 8.680 Thread 0x00000203fc16ebe0 Exception <a 'java/lang/NoSuchMethodError'{0x0000000082fb0728}: 'java.lang.Object java.lang.invoke.DirectMethodHandle$Holder.newInvokeSpecial(java.lang.Object, java.lang.Object, int)'> (0x0000000082fb0728) 
thrown [s\src\hotspot\share\interpreter\linkResolver.cpp, line 784]
Event: 8.713 Thread 0x00000203fc16ebe0 Exception <a 'java/lang/NoSuchMethodError'{0x0000000082e54360}: 'java.lang.Object java.lang.invoke.DirectMethodHandle$Holder.invokeVirtual(java.lang.Object, java.lang.Object, java.lang.Object, java.lang.Object, java.lang.Object, java.lang.Object, java.lang.Object, java.lang.Object)'> (0x0000000082e54360) 
thrown [s\src\hotspot\share\interpreter\linkResolver.cpp, line 784]
Event: 9.006 Thread 0x00000203fc16ebe0 Exception <a 'java/lang/NoSuchMethodError'{0x0000000082955500}: 'int java.lang.invoke.DirectMethodHandle$Holder.invokeSpecialIFC(java.lang.Object, java.lang.Object, java.lang.Object, java.lang.Object)'> (0x0000000082955500) 
thrown [s\src\hotspot\share\interpreter\linkResolver.cpp, line 784]
Event: 9.010 Thread 0x00000203fc16ebe0 Exception <a 'java/lang/NoSuchMethodError'{0x0000000082962d48}: 'java.lang.Object java.lang.invoke.DirectMethodHandle$Holder.invokeInterface(java.lang.Object, java.lang.Object, java.lang.Object)'> (0x0000000082962d48) 
thrown [s\src\hotspot\share\interpreter\linkResolver.cpp, line 784]
Event: 9.011 Thread 0x00000203fc16ebe0 Exception <a 'java/lang/IncompatibleClassChangeError'{0x0000000082966960}: Found class java.lang.Object, but interface was expected> (0x0000000082966960) 
thrown [s\src\hotspot\share\interpreter\linkResolver.cpp, line 851]
Event: 9.075 Thread 0x00000203fc16ebe0 Implicit null exception at 0x00000203e9845ee6 to 0x00000203e9845f86
Event: 9.129 Thread 0x00000203fc16ebe0 Exception <a 'java/lang/NoSuchMethodError'{0x0000000082747bc0}: 'int java.lang.invoke.DirectMethodHandle$Holder.invokeStatic(java.lang.Object, java.lang.Object, java.lang.Object, java.lang.Object)'> (0x0000000082747bc0) 
thrown [s\src\hotspot\share\interpreter\linkResolver.cpp, line 784]
Event: 9.261 Thread 0x00000203fc16ebe0 Exception <a 'java/lang/NoSuchMethodError'{0x0000000082529e58}: 'java.lang.Object java.lang.invoke.DelegatingMethodHandle$Holder.reinvoke_L(java.lang.Object, java.lang.Object, java.lang.Object, java.lang.Object, java.lang.Object, java.lang.Object, java.lang.Object, java.lang.Object, java.lang.Object, java.lang.Object, java.lang.Object, java.lang.Object, java.lang.Object, java.lang.Object, java.lang.Object, java.lang.Object, java.lang.Object, java.lang.Object, java.lang.Object, java.lang.Object, java.lang.O
Event: 9.292 Thread 0x00000203fc16ebe0 Exception <a 'java/lang/NoSuchMethodError'{0x0000000082597a58}: 'java.lang.Object java.lang.invoke.DirectMethodHandle$Holder.invokeStatic(java.lang.Object, java.lang.Object, java.lang.Object, java.lang.Object, java.lang.Object, java.lang.Object, java.lang.Object, java.lang.Object, java.lang.Object, java.lang.Object, java.lang.Object, java.lang.Object, java.lang.Object, java.lang.Object, java.lang.Object, java.lang.Object, java.lang.Object)'> (0x0000000082597a58) 
thrown [s\src\hotspot\share\interpreter\lin
Event: 9.300 Thread 0x00000203fc16ebe0 Exception <a 'java/lang/NoSuchMethodError'{0x00000000825c0820}: 'java.lang.Object java.lang.invoke.DirectMethodHandle$Holder.invokeStatic(java.lang.Object, java.lang.Object, java.lang.Object, java.lang.Object, java.lang.Object, java.lang.Object, java.lang.Object, java.lang.Object, java.lang.Object, java.lang.Object, java.lang.Object, java.lang.Object, java.lang.Object, java.lang.Object, java.lang.Object, java.lang.Object, java.lang.Object, java.lang.Object)'> (0x00000000825c0820) 
thrown [s\src\hotspot\sha
Event: 9.308 Thread 0x00000203fc16ebe0 Exception <a 'java/lang/NoSuchMethodError'{0x00000000825eac90}: 'java.lang.Object java.lang.invoke.DirectMethodHandle$Holder.invokeStatic(java.lang.Object, java.lang.Object, java.lang.Object, java.lang.Object, java.lang.Object, java.lang.Object, java.lang.Object, java.lang.Object, java.lang.Object, java.lang.Object, java.lang.Object, java.lang.Object, java.lang.Object, java.lang.Object, java.lang.Object, java.lang.Object, java.lang.Object, java.lang.Object, java.lang.Object)'> (0x00000000825eac90) 
thrown 
Event: 9.319 Thread 0x00000203fc16ebe0 Exception <a 'java/lang/NoSuchMethodError'{0x0000000082416658}: 'java.lang.Object java.lang.invoke.DirectMethodHandle$Holder.invokeStatic(java.lang.Object, java.lang.Object, java.lang.Object, java.lang.Object, java.lang.Object, java.lang.Object, java.lang.Object, java.lang.Object, java.lang.Object, java.lang.Object, java.lang.Object, java.lang.Object, java.lang.Object, java.lang.Object, java.lang.Object, java.lang.Object, java.lang.Object, java.lang.Object, java.lang.Object, java.lang.Object)'> (0x00000000
Event: 9.332 Thread 0x00000203fc16ebe0 Exception <a 'java/lang/NoSuchMethodError'{0x0000000082442d58}: 'java.lang.Object java.lang.invoke.DirectMethodHandle$Holder.invokeStatic(java.lang.Object, java.lang.Object, java.lang.Object, java.lang.Object, java.lang.Object, java.lang.Object, java.lang.Object, java.lang.Object, java.lang.Object, java.lang.Object, java.lang.Object, java.lang.Object, java.lang.Object, java.lang.Object, java.lang.Object, java.lang.Object, java.lang.Object, java.lang.Object, java.lang.Object, java.lang.Object, java.lang.Obj
Event: 9.344 Thread 0x00000203fc16ebe0 Exception <a 'java/lang/NoSuchMethodError'{0x0000000082470788}: 'java.lang.Object java.lang.invoke.DirectMethodHandle$Holder.invokeStatic(java.lang.Object, java.lang.Object, java.lang.Object, java.lang.Object, java.lang.Object, java.lang.Object, java.lang.Object, java.lang.Object, java.lang.Object, java.lang.Object, java.lang.Object, java.lang.Object, java.lang.Object, java.lang.Object, java.lang.Object, java.lang.Object, java.lang.Object, java.lang.Object, java.lang.Object, java.lang.Object, java.lang.Obj
Event: 9.352 Thread 0x00000203fc16ebe0 Exception <a 'java/lang/NoSuchMethodError'{0x000000008249ea48}: 'java.lang.Object java.lang.invoke.DirectMethodHandle$Holder.invokeStatic(java.lang.Object, java.lang.Object, java.lang.Object, java.lang.Object, java.lang.Object, java.lang.Object, java.lang.Object, java.lang.Object, java.lang.Object, java.lang.Object, java.lang.Object, java.lang.Object, java.lang.Object, java.lang.Object, java.lang.Object, java.lang.Object, java.lang.Object, java.lang.Object, java.lang.Object, java.lang.Object, java.lang.Obj
Event: 9.362 Thread 0x00000203fc16ebe0 Exception <a 'java/lang/NoSuchMethodError'{0x00000000824ce0d8}: 'java.lang.Object java.lang.invoke.DirectMethodHandle$Holder.invokeStatic(java.lang.Object, java.lang.Object, java.lang.Object, java.lang.Object, java.lang.Object, java.lang.Object, java.lang.Object, java.lang.Object, java.lang.Object, java.lang.Object, java.lang.Object, java.lang.Object, java.lang.Object, java.lang.Object, java.lang.Object, java.lang.Object, java.lang.Object, java.lang.Object, java.lang.Object, java.lang.Object, java.lang.Obj
Event: 9.376 Thread 0x00000203fc16ebe0 Exception <a 'java/lang/NoSuchMethodError'{0x00000000824fdef0}: 'java.lang.Object java.lang.invoke.DirectMethodHandle$Holder.invokeStatic(java.lang.Object, java.lang.Object, java.lang.Object, java.lang.Object, java.lang.Object, java.lang.Object, java.lang.Object, java.lang.Object, java.lang.Object, java.lang.Object, java.lang.Object, java.lang.Object, java.lang.Object, java.lang.Object, java.lang.Object, java.lang.Object, java.lang.Object, java.lang.Object, java.lang.Object, java.lang.Object, java.lang.Obj
Event: 9.389 Thread 0x00000203fc16ebe0 Exception <a 'java/lang/NoSuchMethodError'{0x000000008232fb68}: 'java.lang.Object java.lang.invoke.DirectMethodHandle$Holder.invokeStatic(java.lang.Object, java.lang.Object, java.lang.Object, java.lang.Object, java.lang.Object, java.lang.Object, java.lang.Object, java.lang.Object, java.lang.Object, java.lang.Object, java.lang.Object, java.lang.Object, java.lang.Object, java.lang.Object, java.lang.Object, java.lang.Object, java.lang.Object, java.lang.Object, java.lang.Object, java.lang.Object, java.lang.Obj
Event: 9.461 Thread 0x00000203fc16ebe0 Exception <a 'java/lang/IncompatibleClassChangeError'{0x0000000082224fd0}: Found class java.lang.Object, but interface was expected> (0x0000000082224fd0) 
thrown [s\src\hotspot\share\interpreter\linkResolver.cpp, line 851]

ZGC Phase Switch (0 events):
No events

VM Operations (20 events):
Event: 6.526 Executing VM operation: HandshakeAllThreads (Deoptimize)
Event: 6.526 Executing VM operation: HandshakeAllThreads (Deoptimize) done
Event: 6.825 Executing VM operation: HandshakeAllThreads (Deoptimize)
Event: 6.826 Executing VM operation: HandshakeAllThreads (Deoptimize) done
Event: 6.826 Executing VM operation: Cleanup
Event: 6.826 Executing VM operation: Cleanup done
Event: 7.535 Executing VM operation: CollectForMetadataAllocation (Metadata GC Threshold)
Event: 7.549 Executing VM operation: CollectForMetadataAllocation (Metadata GC Threshold) done
Event: 7.563 Executing VM operation: G1PauseRemark
Event: 7.568 Executing VM operation: G1PauseRemark done
Event: 7.571 Executing VM operation: G1PauseCleanup
Event: 7.575 Executing VM operation: G1PauseCleanup done
Event: 8.589 Executing VM operation: Cleanup
Event: 8.605 Executing VM operation: Cleanup done
Event: 8.676 Executing VM operation: HandshakeAllThreads (Deoptimize)
Event: 8.676 Executing VM operation: HandshakeAllThreads (Deoptimize) done
Event: 9.420 Executing VM operation: HandshakeAllThreads (Deoptimize)
Event: 9.420 Executing VM operation: HandshakeAllThreads (Deoptimize) done
Event: 9.421 Executing VM operation: HandshakeAllThreads (Deoptimize)
Event: 9.421 Executing VM operation: HandshakeAllThreads (Deoptimize) done

Memory protections (0 events):
No events

Nmethod flushes (0 events):
No events

Events (20 events):
Event: 4.175 Thread 0x00000203fb41b270 Thread exited: 0x00000203fb41b270
Event: 4.740 Thread 0x00000203f64ccec0 Thread added: 0x00000203fc616030
Event: 5.254 Loaded shared library D:\Android Studio\jbr\bin\management.dll
Event: 5.267 Loaded shared library D:\Android Studio\jbr\bin\management_ext.dll
Event: 5.383 Thread 0x00000203dcb428e0 Thread added: 0x00000203fca30590
Event: 5.810 Thread 0x00000203fc616030 Thread exited: 0x00000203fc616030
Event: 6.052 Loaded shared library D:\Android Studio\jbr\bin\extnet.dll
Event: 6.336 Thread 0x00000203dcb428e0 Thread added: 0x00000203fc340620
Event: 6.878 Thread 0x00000203dcb428e0 Thread added: 0x00000203fc1d1920
Event: 7.120 Thread 0x00000203fc340620 Thread added: 0x00000203fcc7aa30
Event: 7.163 Thread 0x00000203fcc7aa30 Thread added: 0x00000203fb46f810
Event: 7.291 Thread 0x00000203fcc7aa30 Thread added: 0x00000203f67ef790
Event: 7.314 Thread 0x00000203fcc7aa30 Thread added: 0x00000203fc16ebe0
Event: 7.351 Thread 0x00000203fc16ebe0 Thread added: 0x00000203fc16f900
Event: 7.362 Thread 0x00000203fc16ebe0 Thread added: 0x00000203fc16f270
Event: 7.371 Thread 0x00000203fc16ebe0 Thread added: 0x00000203fc16ff90
Event: 8.677 Thread 0x00000203fc16ebe0 Thread added: 0x00000203fc170620
Event: 8.703 Thread 0x00000203fc16ebe0 Thread added: 0x00000203fc171340
Event: 8.778 Thread 0x00000203fc16ebe0 Thread added: 0x00000203fc170cb0
Event: 9.223 Thread 0x00000203f64ccec0 Thread added: 0x00000203fdb697d0


Dynamic libraries:
0x00007ff7bd6a0000 - 0x00007ff7bd6aa000 	D:\Android Studio\jbr\bin\java.exe
0x00007fffb1bb0000 - 0x00007fffb1dc7000 	C:\WINDOWS\SYSTEM32\ntdll.dll
0x00007fff7a4a0000 - 0x00007fff7a4ba000 	C:\Program Files\Avast Software\Avast\aswhook.dll
0x00007fffb0d70000 - 0x00007fffb0e34000 	C:\WINDOWS\System32\KERNEL32.DLL
0x00007fffaf2d0000 - 0x00007fffaf6a3000 	C:\WINDOWS\System32\KERNELBASE.dll
0x00007fffaf1b0000 - 0x00007fffaf2c1000 	C:\WINDOWS\System32\ucrtbase.dll
0x00007fffa8330000 - 0x00007fffa834b000 	D:\Android Studio\jbr\bin\VCRUNTIME140.dll
0x00007fffa8ae0000 - 0x00007fffa8af8000 	D:\Android Studio\jbr\bin\jli.dll
0x00007fffaf8e0000 - 0x00007fffafa91000 	C:\WINDOWS\System32\USER32.dll
0x00007fffaf100000 - 0x00007fffaf126000 	C:\WINDOWS\System32\win32u.dll
0x00007fffb1730000 - 0x00007fffb1759000 	C:\WINDOWS\System32\GDI32.dll
0x00007fffaefe0000 - 0x00007fffaf0fb000 	C:\WINDOWS\System32\gdi32full.dll
0x00007fffaee00000 - 0x00007fffaee9a000 	C:\WINDOWS\System32\msvcp_win.dll
0x00007fff917e0000 - 0x00007fff91a78000 	C:\WINDOWS\WinSxS\amd64_microsoft.windows.common-controls_6595b64144ccf1df_6.0.22621.5124_none_270e8f4f7386d69d\COMCTL32.dll
0x00007fffb0f80000 - 0x00007fffb1027000 	C:\WINDOWS\System32\msvcrt.dll
0x00007fffb0e40000 - 0x00007fffb0e71000 	C:\WINDOWS\System32\IMM32.DLL
0x00007fffa8810000 - 0x00007fffa881c000 	D:\Android Studio\jbr\bin\vcruntime140_1.dll
0x00007fff990f0000 - 0x00007fff9917d000 	D:\Android Studio\jbr\bin\msvcp140.dll
0x00007fff33760000 - 0x00007fff343e3000 	D:\Android Studio\jbr\bin\server\jvm.dll
0x00007fffb0cb0000 - 0x00007fffb0d61000 	C:\WINDOWS\System32\ADVAPI32.dll
0x00007fffb1660000 - 0x00007fffb1708000 	C:\WINDOWS\System32\sechost.dll
0x00007fffaf820000 - 0x00007fffaf848000 	C:\WINDOWS\System32\bcrypt.dll
0x00007fffb1a50000 - 0x00007fffb1b64000 	C:\WINDOWS\System32\RPCRT4.dll
0x00007fffb1870000 - 0x00007fffb18e1000 	C:\WINDOWS\System32\WS2_32.dll
0x00007fffabab0000 - 0x00007fffabae4000 	C:\WINDOWS\SYSTEM32\WINMM.dll
0x00007fffa4d20000 - 0x00007fffa4d2a000 	C:\WINDOWS\SYSTEM32\VERSION.dll
0x00007fffaeb90000 - 0x00007fffaebdd000 	C:\WINDOWS\SYSTEM32\POWRPROF.dll
0x00007fffaeb70000 - 0x00007fffaeb83000 	C:\WINDOWS\SYSTEM32\UMPDC.dll
0x00007fffadcc0000 - 0x00007fffadcd8000 	C:\WINDOWS\SYSTEM32\kernel.appcore.dll
0x00007fffa6630000 - 0x00007fffa663a000 	D:\Android Studio\jbr\bin\jimage.dll
0x00007fffac230000 - 0x00007fffac462000 	C:\WINDOWS\SYSTEM32\DBGHELP.DLL
0x00007fffb11e0000 - 0x00007fffb1572000 	C:\WINDOWS\System32\combase.dll
0x00007fffb0e80000 - 0x00007fffb0f57000 	C:\WINDOWS\System32\OLEAUT32.dll
0x00007fffa34a0000 - 0x00007fffa34d2000 	C:\WINDOWS\SYSTEM32\dbgcore.DLL
0x00007fffaf130000 - 0x00007fffaf1ab000 	C:\WINDOWS\System32\bcryptPrimitives.dll
0x00007fffa9700000 - 0x00007fffa970e000 	D:\Android Studio\jbr\bin\instrument.dll
0x00007fffa6610000 - 0x00007fffa6630000 	D:\Android Studio\jbr\bin\java.dll
0x00007fffa65f0000 - 0x00007fffa6608000 	D:\Android Studio\jbr\bin\zip.dll
0x00007fffafaa0000 - 0x00007fffb0336000 	C:\WINDOWS\System32\SHELL32.dll
0x00007fffaecc0000 - 0x00007fffaedff000 	C:\WINDOWS\System32\wintypes.dll
0x00007fffacb90000 - 0x00007fffad4aa000 	C:\WINDOWS\SYSTEM32\windows.storage.dll
0x00007fffb1030000 - 0x00007fffb113a000 	C:\WINDOWS\System32\SHCORE.dll
0x00007fffb0be0000 - 0x00007fffb0c43000 	C:\WINDOWS\System32\shlwapi.dll
0x00007fffaebf0000 - 0x00007fffaec1b000 	C:\WINDOWS\SYSTEM32\profapi.dll
0x00007fffa65e0000 - 0x00007fffa65f0000 	D:\Android Studio\jbr\bin\net.dll
0x00007fffa8c80000 - 0x00007fffa8dac000 	C:\WINDOWS\SYSTEM32\WINHTTP.dll
0x00007fffae140000 - 0x00007fffae1aa000 	C:\WINDOWS\system32\mswsock.dll
0x00007fffa65c0000 - 0x00007fffa65d6000 	D:\Android Studio\jbr\bin\nio.dll
0x00007fffa96b0000 - 0x00007fffa96c0000 	D:\Android Studio\jbr\bin\verify.dll
0x00007fff93c20000 - 0x00007fff93c47000 	D:\.gradle\native\c067742578af261105cb4f569cf0c3c89f3d7b1fecec35dd04571415982c5e48\windows-amd64\native-platform.dll
0x00007fff91ef0000 - 0x00007fff92034000 	D:\.gradle\native\100fb08df4bc3b14c8652ba06237920a3bd2aa13389f12d3474272988ae205f9\windows-amd64\native-platform-file-events.dll
0x00007fffa6320000 - 0x00007fffa6329000 	D:\Android Studio\jbr\bin\management.dll
0x00007fffa6310000 - 0x00007fffa631b000 	D:\Android Studio\jbr\bin\management_ext.dll
0x00007fffaf8d0000 - 0x00007fffaf8d8000 	C:\WINDOWS\System32\PSAPI.DLL
0x00007fffae3c0000 - 0x00007fffae3db000 	C:\WINDOWS\SYSTEM32\CRYPTSP.dll
0x00007fffadc10000 - 0x00007fffadc47000 	C:\WINDOWS\system32\rsaenh.dll
0x00007fffae240000 - 0x00007fffae268000 	C:\WINDOWS\SYSTEM32\USERENV.dll
0x00007fffae3e0000 - 0x00007fffae3ec000 	C:\WINDOWS\SYSTEM32\CRYPTBASE.dll
0x00007fffad710000 - 0x00007fffad73d000 	C:\WINDOWS\SYSTEM32\IPHLPAPI.DLL
0x00007fffb1140000 - 0x00007fffb1149000 	C:\WINDOWS\System32\NSI.dll
0x00007fffa6330000 - 0x00007fffa6339000 	D:\Android Studio\jbr\bin\extnet.dll
0x00007fffa8800000 - 0x00007fffa8808000 	C:\WINDOWS\system32\wshunix.dll

dbghelp: loaded successfully - version: 4.0.5 - missing functions: none
symbol engine: initialized successfully - sym options: 0x614 - pdb path: .;D:\Android Studio\jbr\bin;C:\WINDOWS\SYSTEM32;C:\Program Files\Avast Software\Avast;C:\WINDOWS\WinSxS\amd64_microsoft.windows.common-controls_6595b64144ccf1df_6.0.22621.5124_none_270e8f4f7386d69d;D:\Android Studio\jbr\bin\server;D:\.gradle\native\c067742578af261105cb4f569cf0c3c89f3d7b1fecec35dd04571415982c5e48\windows-amd64;D:\.gradle\native\100fb08df4bc3b14c8652ba06237920a3bd2aa13389f12d3474272988ae205f9\windows-amd64

VM Arguments:
jvm_args: --add-opens=java.base/java.util=ALL-UNNAMED --add-opens=java.base/java.lang=ALL-UNNAMED --add-opens=java.base/java.lang.invoke=ALL-UNNAMED --add-opens=java.prefs/java.util.prefs=ALL-UNNAMED --add-exports=jdk.compiler/com.sun.tools.javac.api=ALL-UNNAMED --add-exports=jdk.compiler/com.sun.tools.javac.util=ALL-UNNAMED --add-opens=java.base/java.nio.charset=ALL-UNNAMED --add-opens=java.base/java.net=ALL-UNNAMED --add-opens=java.base/java.util.concurrent.atomic=ALL-UNNAMED -Xmx2048m -Dfile.encoding=UTF-8 -Duser.country=US -Duser.language=en -Duser.variant -javaagent:D:\.gradle\wrapper\dists\gradle-8.10.2-bin\a04bxjujx95o3nb99gddekhwo\gradle-8.10.2\lib\agents\gradle-instrumentation-agent-8.10.2.jar 
java_command: org.gradle.launcher.daemon.bootstrap.GradleDaemon 8.10.2
java_class_path (initial): D:\.gradle\wrapper\dists\gradle-8.10.2-bin\a04bxjujx95o3nb99gddekhwo\gradle-8.10.2\lib\gradle-daemon-main-8.10.2.jar
Launcher Type: SUN_STANDARD

[Global flags]
     intx CICompilerCount                          = 4                                         {product} {ergonomic}
     uint ConcGCThreads                            = 2                                         {product} {ergonomic}
     uint G1ConcRefinementThreads                  = 8                                         {product} {ergonomic}
   size_t G1HeapRegionSize                         = 1048576                                   {product} {ergonomic}
    uintx GCDrainStackTargetSize                   = 64                                        {product} {ergonomic}
   size_t InitialHeapSize                          = 117440512                                 {product} {ergonomic}
   size_t MarkStackSize                            = 4194304                                   {product} {ergonomic}
   size_t MaxHeapSize                              = 2147483648                                {product} {command line}
   size_t MaxNewSize                               = 1287651328                                {product} {ergonomic}
   size_t MinHeapDeltaBytes                        = 1048576                                   {product} {ergonomic}
   size_t MinHeapSize                              = 8388608                                   {product} {ergonomic}
    uintx NonNMethodCodeHeapSize                   = 5839372                                {pd product} {ergonomic}
    uintx NonProfiledCodeHeapSize                  = 122909434                              {pd product} {ergonomic}
    uintx ProfiledCodeHeapSize                     = 122909434                              {pd product} {ergonomic}
    uintx ReservedCodeCacheSize                    = 251658240                              {pd product} {ergonomic}
     bool SegmentedCodeCache                       = true                                      {product} {ergonomic}
   size_t SoftMaxHeapSize                          = 2147483648                             {manageable} {ergonomic}
     bool UseCompressedOops                        = true                           {product lp64_product} {ergonomic}
     bool UseG1GC                                  = true                                      {product} {ergonomic}
     bool UseLargePagesIndividualAllocation        = false                                  {pd product} {ergonomic}

Logging:
Log output configuration:
 #0: stdout all=warning uptime,level,tags foldmultilines=false
 #1: stderr all=off uptime,level,tags foldmultilines=false

Environment Variables:
JAVA_HOME=C:\Users\Naima Alrawahi\Downloads\jdk-23_windows-x64_bin\jdk-23
PATH=C:\WINDOWS\system32;C:\WINDOWS;C:\WINDOWS\System32\Wbem;C:\WINDOWS\System32\WindowsPowerShell\v1.0\;C:\WINDOWS\System32\OpenSSH\;C:\Program Files\nodejs\;C:\ProgramData\chocolatey\bin;C:\Program Files\Git\cmd;C:\Program Files\MySQL\MySQL Server 8.0\bin;C:\Users\Naima Alrawahi\Downloads\jdk-23_windows-x64_bin\jdk-23\bin;C:\Users\Naima Alrawahi\AppData\Local\Microsoft\WindowsApps;";C:\Program Files\nodejs\";C:\Users\Naima Alrawahi\AppData\Roaming\npm;C:\Users\Naima Alrawahi\AppData\Local\Programs\Microsoft VS Code\bin
USERNAME=Naima Alrawahi
OS=Windows_NT
PROCESSOR_IDENTIFIER=AMD64 Family 23 Model 24 Stepping 1, AuthenticAMD
TMP=C:\Users\NAIMAA~1\AppData\Local\Temp
TEMP=C:\Users\NAIMAA~1\AppData\Local\Temp




Periodic native trim disabled

JNI global refs:
JNI global refs: 23, weak refs: 0

JNI global refs memory usage: 835, weak refs: 833

Process memory usage:
Resident Set Size: 182924K (2% of 7274124K total physical memory with 441872K free physical memory)

OOME stack traces (most recent first):
Classloader memory used:
Loader bootstrap                                                                       : 16374K
Loader org.gradle.internal.classloader.VisitableURLClassLoader                         : 10562K
Loader org.gradle.initialization.MixInLegacyTypesClassLoader                           : 1296K
Loader jdk.internal.loader.ClassLoaders$AppClassLoader                                 : 234K
Loader jdk.internal.loader.ClassLoaders$PlatformClassLoader                            : 114K

Classes loaded by more than one classloader:
Class org.gradle.internal.classloader.FilteringClassLoader                            : loaded 2 times (x 101B)
Class org.gradle.internal.classloader.ClassLoaderHierarchy                            : loaded 2 times (x 66B)
Class org.gradle.api.internal.classpath.ManifestUtil                                  : loaded 2 times (x 67B)
Class org.gradle.internal.classloader.DefaultClassLoaderFactory                       : loaded 2 times (x 78B)
Class org.gradle.internal.classloader.ClassLoaderVisitor                              : loaded 2 times (x 72B)
Class org.gradle.api.internal.classpath.EffectiveClassPath                            : loaded 2 times (x 86B)
Class org.gradle.api.internal.DefaultClassPathProvider                                : loaded 2 times (x 72B)
Class [Lorg.gradle.api.internal.ClassPathProvider;                                    : loaded 2 times (x 65B)
Class org.gradle.api.internal.ClassPathProvider                                       : loaded 2 times (x 66B)
Class org.gradle.internal.service.UnknownServiceException                             : loaded 2 times (x 79B)
Class org.gradle.internal.classpath.TransformedClassPath                              : loaded 2 times (x 92B)
Class org.gradle.internal.classloader.InstrumentingClassLoader                        : loaded 2 times (x 66B)
Class org.gradle.internal.service.ServiceLocator                                      : loaded 2 times (x 66B)
Class org.gradle.internal.InternalTransformer                                         : loaded 2 times (x 66B)
Class org.gradle.internal.classloader.ClasspathUtil$1                                 : loaded 2 times (x 72B)
Class org.gradle.api.internal.classpath.DefaultModuleRegistry$DefaultModule           : loaded 2 times (x 82B)
Class org.gradle.api.internal.classpath.Module                                        : loaded 2 times (x 66B)
Class org.gradle.api.internal.classpath.UnknownModuleException                        : loaded 2 times (x 78B)
Class org.gradle.api.internal.DefaultClassPathRegistry                                : loaded 2 times (x 72B)
Class org.gradle.api.internal.ClassPathRegistry                                       : loaded 2 times (x 66B)
Class org.gradle.internal.classpath.DefaultClassPath$ImmutableUniqueList              : loaded 2 times (x 195B)
Class org.gradle.internal.classpath.ClassPath                                         : loaded 2 times (x 66B)
Class org.gradle.api.UncheckedIOException                                             : loaded 2 times (x 78B)
Class org.gradle.internal.installation.GradleInstallation$1                           : loaded 2 times (x 71B)
Class org.gradle.api.internal.classpath.ModuleRegistry                                : loaded 2 times (x 66B)
Class org.gradle.api.internal.classpath.DefaultModuleRegistry                         : loaded 2 times (x 82B)
Class org.gradle.internal.service.ServiceLookupException                              : loaded 2 times (x 78B)
Class org.gradle.internal.classloader.ClassLoaderFactory                              : loaded 2 times (x 66B)
Class org.gradle.internal.service.CachingServiceLocator                               : loaded 2 times (x 78B)
Class org.gradle.internal.classloader.ClasspathUtil                                   : loaded 2 times (x 67B)
Class org.gradle.api.specs.Spec                                                       : loaded 2 times (x 66B)
Class org.gradle.internal.classloader.VisitableURLClassLoader$InstrumentingVisitableURLClassLoader: loaded 2 times (x 119B)
Class org.gradle.internal.classloader.VisitableURLClassLoader$Spec                    : loaded 2 times (x 70B)
Class org.gradle.internal.classpath.DefaultClassPath                                  : loaded 2 times (x 86B)
Class org.gradle.internal.classloader.ClassLoaderSpec                                 : loaded 2 times (x 67B)
Class org.gradle.internal.classloader.VisitableURLClassLoader                         : loaded 2 times (x 113B)
Class org.gradle.internal.Cast                                                        : loaded 2 times (x 67B)
Class org.gradle.api.Action                                                           : loaded 2 times (x 66B)
Class org.gradle.internal.classpath.DefaultClassPath$ImmutableUniqueList$Builder      : loaded 2 times (x 71B)
Class org.gradle.api.GradleException                                                  : loaded 2 times (x 78B)
Class org.gradle.internal.IoActions                                                   : loaded 2 times (x 67B)
Class org.gradle.internal.classloader.SystemClassLoaderSpec                           : loaded 2 times (x 67B)
Class org.gradle.api.internal.classpath.GlobalCacheRootsProvider                      : loaded 2 times (x 66B)
Class org.gradle.internal.installation.CurrentGradleInstallationLocator               : loaded 2 times (x 67B)
Class org.gradle.internal.service.DefaultServiceLocator                               : loaded 2 times (x 79B)
Class org.gradle.internal.installation.CurrentGradleInstallation                      : loaded 2 times (x 69B)
Class org.gradle.util.internal.GUtil                                                  : loaded 2 times (x 67B)
Class org.gradle.internal.installation.GradleInstallation                             : loaded 2 times (x 71B)

---------------  S Y S T E M  ---------------

OS:
 Windows 11 , 64 bit Build 22621 (10.0.22621.5124)
OS uptime: 8 days 18:02 hours
Hyper-V role detected

CPU: total 8 (initial active 8) (8 cores per cpu, 2 threads per core) family 23 model 24 stepping 1 microcode 0x0, cx8, cmov, fxsr, ht, mmx, 3dnowpref, sse, sse2, sse3, ssse3, sse4a, sse4.1, sse4.2, popcnt, lzcnt, tsc, tscinvbit, avx, avx2, aes, clmul, bmi1, bmi2, adx, sha, fma, vzeroupper, clflush, clflushopt, hv, rdtscp, f16c
Processor Information for all 8 processors :
  Max Mhz: 2100, Current Mhz: 2100, Mhz Limit: 2100

Memory: 4k page, system-wide physical 7103M (432M free)
TotalPageFile size 28607M (AvailPageFile size 6M)
current process WorkingSet (physical memory assigned to process): 179M, peak: 179M
current process commit charge ("private bytes"): 229M, peak: 237M

vm_info: OpenJDK 64-Bit Server VM (21.0.4+-12508038-b607.1) for windows-amd64 JRE (21.0.4+-12508038-b607.1), built on 2024-10-16T17:23:34Z by "builder" with MS VC++ 16.10 / 16.11 (VS2019)

END.
